<?xml version="1.0" encoding="UTF-8"?>
<!-- Generated by org.testng.reporters.JUnitXMLReporter -->
<testsuite hostname="pujaarora" ignored="0" name="Test" tests="3" failures="1" timestamp="20 May 2021 21:51:50 GMT" time="40.223" errors="0">
  <testcase name="validLogin" time="3.086" classname="tests.LoginTest">
    <failure type="java.lang.AssertionError" message="expected:&amp;lt;Amazon $ign-In&amp;gt; but was:&amp;lt;Amazon Sign-In&amp;gt;">
      <![CDATA[java.lang.AssertionError: expected:<Amazon $ign-In> but was:<Amazon Sign-In>
at tests.LoginTest.validLogin(LoginTest.java:35)
... Removed 31 stack frames]]>
    </failure>
  </testcase> <!-- validLogin -->
  <testcase name="invalidLogin1" time="3.125" classname="tests.LoginTest"/>
  <testcase name="invalidLogin" time="5.104" classname="tests.LoginTest"/>
</testsuite> <!-- Test -->
