-------------------------------------------------------------------------------
Test set: TestSuite
-------------------------------------------------------------------------------
Tests run: 3, Failures: 1, Errors: 0, Skipped: 0, Time elapsed: 40.809 s <<< FAILURE! - in TestSuite
tests.LoginTest.validLogin[9450007762](1)  Time elapsed: 3.078 s  <<< FAILURE!
java.lang.AssertionError: expected:<Amazon $ign-In> but was:<Amazon Sign-In>
	at tests.LoginTest.validLogin(LoginTest.java:35)

